<?xml version="1.0" encoding="UTF-8"?>
<testsuite name="AtmTest" tests="7" skipped="0" failures="0" errors="0" timestamp="2022-10-19T19:42:55" hostname="DESKTOP-0JP7DPN" time="0.027">
  <properties/>
  <testcase name="shouldHaveADefaultBalanceOf100()" classname="AtmTest" time="0.017"/>
  <testcase name="shouldDenyUserAccessWithIncorrectPin()" classname="AtmTest" time="0.003"/>
  <testcase name="withdrawOf50FromCurrentBalanceOf100()" classname="AtmTest" time="0.001"/>
  <testcase name="shouldHaveADefaultBalanceof50()" classname="AtmTest" time="0.001"/>
  <testcase name="shouldAllowUserAccessWithCorrectPin()" classname="AtmTest" time="0.0"/>
  <testcase name="withdrawOf101ShouldReturnOriginalBalanceOf100()" classname="AtmTest" time="0.001"/>
  <testcase name="depositOf50ShouldIncreaseAnInitialBalanceOf50To100()" classname="AtmTest" time="0.0"/>
  <system-out><![CDATA[]]></system-out>
  <system-err><![CDATA[]]></system-err>
</testsuite>
